
  .   ____          _            __ _ _
 /\\ / ___'_ __ _ _(_)_ __  __ _ \ \ \ \
( ( )\___ | '_ | '_| | '_ \/ _` | \ \ \ \
 \\/  ___)| |_)| | | | | || (_| |  ) ) ) )
  '  |____| .__|_| |_|_| |_\__, | / / / /
 =========|_|==============|___/=/_/_/_/

 :: Spring Boot ::                (v4.0.3)

2026-03-31T13:38:50.473+05:30  INFO 4760 --- [Config-Server] [           main] l.i.c.ConfigServerApplication            : Starting ConfigServerApplication v0.0.1-SNAPSHOT using Java 25.0.2 with PID 4760 (D:\Enterprise-Cloud-Architecture\Book-Rental-Cloud-Project\Platform\config-server\target\config-server-0.0.1-SNAPSHOT.jar started by ASUS in D:\Enterprise-Cloud-Architecture\Book-Rental-Cloud-Project\Platform)
2026-03-31T13:38:50.477+05:30  INFO 4760 --- [Config-Server] [           main] l.i.c.ConfigServerApplication            : No active profile set, falling back to 1 default profile: "default"
2026-03-31T13:38:53.048+05:30  INFO 4760 --- [Config-Server] [           main] o.s.cloud.context.scope.GenericScope     : BeanFactory id=8bf03f67-6995-3149-85d2-1a09633eb1fe
2026-03-31T13:38:53.862+05:30  INFO 4760 --- [Config-Server] [           main] o.s.boot.tomcat.TomcatWebServer          : Tomcat initialized with port 9000 (http)
2026-03-31T13:38:53.894+05:30  INFO 4760 --- [Config-Server] [           main] o.apache.catalina.core.StandardService   : Starting service [Tomcat]
2026-03-31T13:38:53.895+05:30  INFO 4760 --- [Config-Server] [           main] o.apache.catalina.core.StandardEngine    : Starting Servlet engine: [Apache Tomcat/11.0.18]
2026-03-31T13:38:53.974+05:30  INFO 4760 --- [Config-Server] [           main] b.w.c.s.WebApplicationContextInitializer : Root WebApplicationContext: initialization completed in 3373 ms
2026-03-31T13:38:57.028+05:30  INFO 4760 --- [Config-Server] [           main] o.s.b.a.e.web.EndpointLinksResolver      : Exposing 1 endpoint beneath base path '/actuator'
2026-03-31T13:38:57.214+05:30  WARN 4760 --- [Config-Server] [           main] ConfigServletWebServerApplicationContext : Exception encountered during context initialization - cancelling refresh attempt: org.springframework.context.ApplicationContextException: Failed to start bean 'webServerStartStop'
2026-03-31T13:38:57.254+05:30  INFO 4760 --- [Config-Server] [           main] .s.b.a.l.ConditionEvaluationReportLogger : 

Error starting ApplicationContext. To display the condition evaluation report re-run your application with 'debug' enabled.
2026-03-31T13:38:57.302+05:30 ERROR 4760 --- [Config-Server] [           main] o.s.b.d.LoggingFailureAnalysisReporter   : 

***************************
APPLICATION FAILED TO START
***************************

Description:

Web server failed to start. Port 9000 was already in use.

Action:

Identify and stop the process that's listening on port 9000 or configure this application to listen on another port.


  .   ____          _            __ _ _
 /\\ / ___'_ __ _ _(_)_ __  __ _ \ \ \ \
( ( )\___ | '_ | '_| | '_ \/ _` | \ \ \ \
 \\/  ___)| |_)| | | | | || (_| |  ) ) ) )
  '  |____| .__|_| |_|_| |_\__, | / / / /
 =========|_|==============|___/=/_/_/_/

 :: Spring Boot ::                (v4.0.3)

2026-03-31T13:39:00.210+05:30  INFO 17640 --- [Config-Server] [           main] l.i.c.ConfigServerApplication            : Starting ConfigServerApplication v0.0.1-SNAPSHOT using Java 25.0.2 with PID 17640 (D:\Enterprise-Cloud-Architecture\Book-Rental-Cloud-Project\Platform\config-server\target\config-server-0.0.1-SNAPSHOT.jar started by ASUS in D:\Enterprise-Cloud-Architecture\Book-Rental-Cloud-Project\Platform)
2026-03-31T13:39:00.219+05:30  INFO 17640 --- [Config-Server] [           main] l.i.c.ConfigServerApplication            : No active profile set, falling back to 1 default profile: "default"
2026-03-31T13:39:03.013+05:30  INFO 17640 --- [Config-Server] [           main] o.s.cloud.context.scope.GenericScope     : BeanFactory id=8bf03f67-6995-3149-85d2-1a09633eb1fe
2026-03-31T13:39:03.812+05:30  INFO 17640 --- [Config-Server] [           main] o.s.boot.tomcat.TomcatWebServer          : Tomcat initialized with port 9000 (http)
2026-03-31T13:39:03.841+05:30  INFO 17640 --- [Config-Server] [           main] o.apache.catalina.core.StandardService   : Starting service [Tomcat]
2026-03-31T13:39:03.842+05:30  INFO 17640 --- [Config-Server] [           main] o.apache.catalina.core.StandardEngine    : Starting Servlet engine: [Apache Tomcat/11.0.18]
2026-03-31T13:39:03.904+05:30  INFO 17640 --- [Config-Server] [           main] b.w.c.s.WebApplicationContextInitializer : Root WebApplicationContext: initialization completed in 3536 ms
2026-03-31T13:39:06.073+05:30  INFO 17640 --- [Config-Server] [           main] o.s.b.a.e.web.EndpointLinksResolver      : Exposing 1 endpoint beneath base path '/actuator'
2026-03-31T13:39:06.140+05:30  WARN 17640 --- [Config-Server] [           main] ConfigServletWebServerApplicationContext : Exception encountered during context initialization - cancelling refresh attempt: org.springframework.context.ApplicationContextException: Failed to start bean 'webServerStartStop'
2026-03-31T13:39:06.163+05:30  INFO 17640 --- [Config-Server] [           main] .s.b.a.l.ConditionEvaluationReportLogger : 

Error starting ApplicationContext. To display the condition evaluation report re-run your application with 'debug' enabled.
2026-03-31T13:39:06.180+05:30 ERROR 17640 --- [Config-Server] [           main] o.s.b.d.LoggingFailureAnalysisReporter   : 

***************************
APPLICATION FAILED TO START
***************************

Description:

Web server failed to start. Port 9000 was already in use.

Action:

Identify and stop the process that's listening on port 9000 or configure this application to listen on another port.


  .   ____          _            __ _ _
 /\\ / ___'_ __ _ _(_)_ __  __ _ \ \ \ \
( ( )\___ | '_ | '_| | '_ \/ _` | \ \ \ \
 \\/  ___)| |_)| | | | | || (_| |  ) ) ) )
  '  |____| .__|_| |_|_| |_\__, | / / / /
 =========|_|==============|___/=/_/_/_/

 :: Spring Boot ::                (v4.0.3)

2026-03-31T13:39:07.936+05:30  INFO 17452 --- [Config-Server] [           main] l.i.c.ConfigServerApplication            : Starting ConfigServerApplication v0.0.1-SNAPSHOT using Java 25.0.2 with PID 17452 (D:\Enterprise-Cloud-Architecture\Book-Rental-Cloud-Project\Platform\config-server\target\config-server-0.0.1-SNAPSHOT.jar started by ASUS in D:\Enterprise-Cloud-Architecture\Book-Rental-Cloud-Project\Platform)
2026-03-31T13:39:07.940+05:30  INFO 17452 --- [Config-Server] [           main] l.i.c.ConfigServerApplication            : No active profile set, falling back to 1 default profile: "default"
2026-03-31T13:39:09.607+05:30  INFO 17452 --- [Config-Server] [           main] o.s.cloud.context.scope.GenericScope     : BeanFactory id=8bf03f67-6995-3149-85d2-1a09633eb1fe
2026-03-31T13:39:10.093+05:30  INFO 17452 --- [Config-Server] [           main] o.s.boot.tomcat.TomcatWebServer          : Tomcat initialized with port 9000 (http)
2026-03-31T13:39:10.110+05:30  INFO 17452 --- [Config-Server] [           main] o.apache.catalina.core.StandardService   : Starting service [Tomcat]
2026-03-31T13:39:10.111+05:30  INFO 17452 --- [Config-Server] [           main] o.apache.catalina.core.StandardEngine    : Starting Servlet engine: [Apache Tomcat/11.0.18]
2026-03-31T13:39:10.149+05:30  INFO 17452 --- [Config-Server] [           main] b.w.c.s.WebApplicationContextInitializer : Root WebApplicationContext: initialization completed in 2101 ms
2026-03-31T13:39:11.825+05:30  INFO 17452 --- [Config-Server] [           main] o.s.b.a.e.web.EndpointLinksResolver      : Exposing 1 endpoint beneath base path '/actuator'
2026-03-31T13:39:11.922+05:30  WARN 17452 --- [Config-Server] [           main] ConfigServletWebServerApplicationContext : Exception encountered during context initialization - cancelling refresh attempt: org.springframework.context.ApplicationContextException: Failed to start bean 'webServerStartStop'
2026-03-31T13:39:11.947+05:30  INFO 17452 --- [Config-Server] [           main] .s.b.a.l.ConditionEvaluationReportLogger : 

Error starting ApplicationContext. To display the condition evaluation report re-run your application with 'debug' enabled.
2026-03-31T13:39:11.972+05:30 ERROR 17452 --- [Config-Server] [           main] o.s.b.d.LoggingFailureAnalysisReporter   : 

***************************
APPLICATION FAILED TO START
***************************

Description:

Web server failed to start. Port 9000 was already in use.

Action:

Identify and stop the process that's listening on port 9000 or configure this application to listen on another port.


  .   ____          _            __ _ _
 /\\ / ___'_ __ _ _(_)_ __  __ _ \ \ \ \
( ( )\___ | '_ | '_| | '_ \/ _` | \ \ \ \
 \\/  ___)| |_)| | | | | || (_| |  ) ) ) )
  '  |____| .__|_| |_|_| |_\__, | / / / /
 =========|_|==============|___/=/_/_/_/

 :: Spring Boot ::                (v4.0.3)

2026-03-31T13:39:13.592+05:30  INFO 7524 --- [Config-Server] [           main] l.i.c.ConfigServerApplication            : Starting ConfigServerApplication v0.0.1-SNAPSHOT using Java 25.0.2 with PID 7524 (D:\Enterprise-Cloud-Architecture\Book-Rental-Cloud-Project\Platform\config-server\target\config-server-0.0.1-SNAPSHOT.jar started by ASUS in D:\Enterprise-Cloud-Architecture\Book-Rental-Cloud-Project\Platform)
2026-03-31T13:39:13.597+05:30  INFO 7524 --- [Config-Server] [           main] l.i.c.ConfigServerApplication            : No active profile set, falling back to 1 default profile: "default"
2026-03-31T13:39:15.106+05:30  INFO 7524 --- [Config-Server] [           main] o.s.cloud.context.scope.GenericScope     : BeanFactory id=8bf03f67-6995-3149-85d2-1a09633eb1fe
2026-03-31T13:39:15.536+05:30  INFO 7524 --- [Config-Server] [           main] o.s.boot.tomcat.TomcatWebServer          : Tomcat initialized with port 9000 (http)
2026-03-31T13:39:15.553+05:30  INFO 7524 --- [Config-Server] [           main] o.apache.catalina.core.StandardService   : Starting service [Tomcat]
2026-03-31T13:39:15.553+05:30  INFO 7524 --- [Config-Server] [           main] o.apache.catalina.core.StandardEngine    : Starting Servlet engine: [Apache Tomcat/11.0.18]
2026-03-31T13:39:15.612+05:30  INFO 7524 --- [Config-Server] [           main] b.w.c.s.WebApplicationContextInitializer : Root WebApplicationContext: initialization completed in 1922 ms
2026-03-31T13:39:17.314+05:30  INFO 7524 --- [Config-Server] [           main] o.s.b.a.e.web.EndpointLinksResolver      : Exposing 1 endpoint beneath base path '/actuator'
2026-03-31T13:39:17.425+05:30  WARN 7524 --- [Config-Server] [           main] ConfigServletWebServerApplicationContext : Exception encountered during context initialization - cancelling refresh attempt: org.springframework.context.ApplicationContextException: Failed to start bean 'webServerStartStop'
2026-03-31T13:39:17.450+05:30  INFO 7524 --- [Config-Server] [           main] .s.b.a.l.ConditionEvaluationReportLogger : 

Error starting ApplicationContext. To display the condition evaluation report re-run your application with 'debug' enabled.
2026-03-31T13:39:17.478+05:30 ERROR 7524 --- [Config-Server] [           main] o.s.b.d.LoggingFailureAnalysisReporter   : 

***************************
APPLICATION FAILED TO START
***************************

Description:

Web server failed to start. Port 9000 was already in use.

Action:

Identify and stop the process that's listening on port 9000 or configure this application to listen on another port.


  .   ____          _            __ _ _
 /\\ / ___'_ __ _ _(_)_ __  __ _ \ \ \ \
( ( )\___ | '_ | '_| | '_ \/ _` | \ \ \ \
 \\/  ___)| |_)| | | | | || (_| |  ) ) ) )
  '  |____| .__|_| |_|_| |_\__, | / / / /
 =========|_|==============|___/=/_/_/_/

 :: Spring Boot ::                (v4.0.3)

2026-03-31T13:39:19.202+05:30  INFO 10340 --- [Config-Server] [           main] l.i.c.ConfigServerApplication            : Starting ConfigServerApplication v0.0.1-SNAPSHOT using Java 25.0.2 with PID 10340 (D:\Enterprise-Cloud-Architecture\Book-Rental-Cloud-Project\Platform\config-server\target\config-server-0.0.1-SNAPSHOT.jar started by ASUS in D:\Enterprise-Cloud-Architecture\Book-Rental-Cloud-Project\Platform)
2026-03-31T13:39:19.205+05:30  INFO 10340 --- [Config-Server] [           main] l.i.c.ConfigServerApplication            : No active profile set, falling back to 1 default profile: "default"
2026-03-31T13:39:20.731+05:30  INFO 10340 --- [Config-Server] [           main] o.s.cloud.context.scope.GenericScope     : BeanFactory id=8bf03f67-6995-3149-85d2-1a09633eb1fe
2026-03-31T13:39:21.211+05:30  INFO 10340 --- [Config-Server] [           main] o.s.boot.tomcat.TomcatWebServer          : Tomcat initialized with port 9000 (http)
2026-03-31T13:39:21.227+05:30  INFO 10340 --- [Config-Server] [           main] o.apache.catalina.core.StandardService   : Starting service [Tomcat]
2026-03-31T13:39:21.228+05:30  INFO 10340 --- [Config-Server] [           main] o.apache.catalina.core.StandardEngine    : Starting Servlet engine: [Apache Tomcat/11.0.18]
2026-03-31T13:39:21.289+05:30  INFO 10340 --- [Config-Server] [           main] b.w.c.s.WebApplicationContextInitializer : Root WebApplicationContext: initialization completed in 2005 ms
2026-03-31T13:39:23.462+05:30  INFO 10340 --- [Config-Server] [           main] o.s.b.a.e.web.EndpointLinksResolver      : Exposing 1 endpoint beneath base path '/actuator'
2026-03-31T13:39:23.574+05:30  WARN 10340 --- [Config-Server] [           main] ConfigServletWebServerApplicationContext : Exception encountered during context initialization - cancelling refresh attempt: org.springframework.context.ApplicationContextException: Failed to start bean 'webServerStartStop'
2026-03-31T13:39:23.599+05:30  INFO 10340 --- [Config-Server] [           main] .s.b.a.l.ConditionEvaluationReportLogger : 

Error starting ApplicationContext. To display the condition evaluation report re-run your application with 'debug' enabled.
2026-03-31T13:39:23.627+05:30 ERROR 10340 --- [Config-Server] [           main] o.s.b.d.LoggingFailureAnalysisReporter   : 

***************************
APPLICATION FAILED TO START
***************************

Description:

Web server failed to start. Port 9000 was already in use.

Action:

Identify and stop the process that's listening on port 9000 or configure this application to listen on another port.


  .   ____          _            __ _ _
 /\\ / ___'_ __ _ _(_)_ __  __ _ \ \ \ \
( ( )\___ | '_ | '_| | '_ \/ _` | \ \ \ \
 \\/  ___)| |_)| | | | | || (_| |  ) ) ) )
  '  |____| .__|_| |_|_| |_\__, | / / / /
 =========|_|==============|___/=/_/_/_/

 :: Spring Boot ::                (v4.0.3)

2026-03-31T13:39:25.245+05:30  INFO 18252 --- [Config-Server] [           main] l.i.c.ConfigServerApplication            : Starting ConfigServerApplication v0.0.1-SNAPSHOT using Java 25.0.2 with PID 18252 (D:\Enterprise-Cloud-Architecture\Book-Rental-Cloud-Project\Platform\config-server\target\config-server-0.0.1-SNAPSHOT.jar started by ASUS in D:\Enterprise-Cloud-Architecture\Book-Rental-Cloud-Project\Platform)
2026-03-31T13:39:25.250+05:30  INFO 18252 --- [Config-Server] [           main] l.i.c.ConfigServerApplication            : No active profile set, falling back to 1 default profile: "default"
2026-03-31T13:39:27.032+05:30  INFO 18252 --- [Config-Server] [           main] o.s.cloud.context.scope.GenericScope     : BeanFactory id=8bf03f67-6995-3149-85d2-1a09633eb1fe
2026-03-31T13:39:27.515+05:30  INFO 18252 --- [Config-Server] [           main] o.s.boot.tomcat.TomcatWebServer          : Tomcat initialized with port 9000 (http)
2026-03-31T13:39:27.532+05:30  INFO 18252 --- [Config-Server] [           main] o.apache.catalina.core.StandardService   : Starting service [Tomcat]
2026-03-31T13:39:27.533+05:30  INFO 18252 --- [Config-Server] [           main] o.apache.catalina.core.StandardEngine    : Starting Servlet engine: [Apache Tomcat/11.0.18]
2026-03-31T13:39:27.598+05:30  INFO 18252 --- [Config-Server] [           main] b.w.c.s.WebApplicationContextInitializer : Root WebApplicationContext: initialization completed in 2245 ms
2026-03-31T13:39:29.392+05:30  INFO 18252 --- [Config-Server] [           main] o.s.b.a.e.web.EndpointLinksResolver      : Exposing 1 endpoint beneath base path '/actuator'
2026-03-31T13:39:29.485+05:30  WARN 18252 --- [Config-Server] [           main] ConfigServletWebServerApplicationContext : Exception encountered during context initialization - cancelling refresh attempt: org.springframework.context.ApplicationContextException: Failed to start bean 'webServerStartStop'
2026-03-31T13:39:29.511+05:30  INFO 18252 --- [Config-Server] [           main] .s.b.a.l.ConditionEvaluationReportLogger : 

Error starting ApplicationContext. To display the condition evaluation report re-run your application with 'debug' enabled.
2026-03-31T13:39:29.538+05:30 ERROR 18252 --- [Config-Server] [           main] o.s.b.d.LoggingFailureAnalysisReporter   : 

***************************
APPLICATION FAILED TO START
***************************

Description:

Web server failed to start. Port 9000 was already in use.

Action:

Identify and stop the process that's listening on port 9000 or configure this application to listen on another port.


  .   ____          _            __ _ _
 /\\ / ___'_ __ _ _(_)_ __  __ _ \ \ \ \
( ( )\___ | '_ | '_| | '_ \/ _` | \ \ \ \
 \\/  ___)| |_)| | | | | || (_| |  ) ) ) )
  '  |____| .__|_| |_|_| |_\__, | / / / /
 =========|_|==============|___/=/_/_/_/

 :: Spring Boot ::                (v4.0.3)

2026-03-31T13:39:31.152+05:30  INFO 7672 --- [Config-Server] [           main] l.i.c.ConfigServerApplication            : Starting ConfigServerApplication v0.0.1-SNAPSHOT using Java 25.0.2 with PID 7672 (D:\Enterprise-Cloud-Architecture\Book-Rental-Cloud-Project\Platform\config-server\target\config-server-0.0.1-SNAPSHOT.jar started by ASUS in D:\Enterprise-Cloud-Architecture\Book-Rental-Cloud-Project\Platform)
2026-03-31T13:39:31.157+05:30  INFO 7672 --- [Config-Server] [           main] l.i.c.ConfigServerApplication            : No active profile set, falling back to 1 default profile: "default"
2026-03-31T13:39:33.169+05:30  INFO 7672 --- [Config-Server] [           main] o.s.cloud.context.scope.GenericScope     : BeanFactory id=8bf03f67-6995-3149-85d2-1a09633eb1fe
2026-03-31T13:39:33.594+05:30  INFO 7672 --- [Config-Server] [           main] o.s.boot.tomcat.TomcatWebServer          : Tomcat initialized with port 9000 (http)
2026-03-31T13:39:33.616+05:30  INFO 7672 --- [Config-Server] [           main] o.apache.catalina.core.StandardService   : Starting service [Tomcat]
2026-03-31T13:39:33.617+05:30  INFO 7672 --- [Config-Server] [           main] o.apache.catalina.core.StandardEngine    : Starting Servlet engine: [Apache Tomcat/11.0.18]
2026-03-31T13:39:33.670+05:30  INFO 7672 --- [Config-Server] [           main] b.w.c.s.WebApplicationContextInitializer : Root WebApplicationContext: initialization completed in 2426 ms
2026-03-31T13:39:35.505+05:30  INFO 7672 --- [Config-Server] [           main] o.s.b.a.e.web.EndpointLinksResolver      : Exposing 1 endpoint beneath base path '/actuator'
2026-03-31T13:39:35.603+05:30  WARN 7672 --- [Config-Server] [           main] ConfigServletWebServerApplicationContext : Exception encountered during context initialization - cancelling refresh attempt: org.springframework.context.ApplicationContextException: Failed to start bean 'webServerStartStop'
2026-03-31T13:39:35.630+05:30  INFO 7672 --- [Config-Server] [           main] .s.b.a.l.ConditionEvaluationReportLogger : 

Error starting ApplicationContext. To display the condition evaluation report re-run your application with 'debug' enabled.
2026-03-31T13:39:35.666+05:30 ERROR 7672 --- [Config-Server] [           main] o.s.b.d.LoggingFailureAnalysisReporter   : 

***************************
APPLICATION FAILED TO START
***************************

Description:

Web server failed to start. Port 9000 was already in use.

Action:

Identify and stop the process that's listening on port 9000 or configure this application to listen on another port.


  .   ____          _            __ _ _
 /\\ / ___'_ __ _ _(_)_ __  __ _ \ \ \ \
( ( )\___ | '_ | '_| | '_ \/ _` | \ \ \ \
 \\/  ___)| |_)| | | | | || (_| |  ) ) ) )
  '  |____| .__|_| |_|_| |_\__, | / / / /
 =========|_|==============|___/=/_/_/_/

 :: Spring Boot ::                (v4.0.3)

2026-03-31T13:39:37.458+05:30  INFO 18028 --- [Config-Server] [           main] l.i.c.ConfigServerApplication            : Starting ConfigServerApplication v0.0.1-SNAPSHOT using Java 25.0.2 with PID 18028 (D:\Enterprise-Cloud-Architecture\Book-Rental-Cloud-Project\Platform\config-server\target\config-server-0.0.1-SNAPSHOT.jar started by ASUS in D:\Enterprise-Cloud-Architecture\Book-Rental-Cloud-Project\Platform)
2026-03-31T13:39:37.464+05:30  INFO 18028 --- [Config-Server] [           main] l.i.c.ConfigServerApplication            : No active profile set, falling back to 1 default profile: "default"
2026-03-31T13:39:39.147+05:30  INFO 18028 --- [Config-Server] [           main] o.s.cloud.context.scope.GenericScope     : BeanFactory id=8bf03f67-6995-3149-85d2-1a09633eb1fe
2026-03-31T13:39:39.613+05:30  INFO 18028 --- [Config-Server] [           main] o.s.boot.tomcat.TomcatWebServer          : Tomcat initialized with port 9000 (http)
2026-03-31T13:39:39.629+05:30  INFO 18028 --- [Config-Server] [           main] o.apache.catalina.core.StandardService   : Starting service [Tomcat]
2026-03-31T13:39:39.629+05:30  INFO 18028 --- [Config-Server] [           main] o.apache.catalina.core.StandardEngine    : Starting Servlet engine: [Apache Tomcat/11.0.18]
2026-03-31T13:39:39.667+05:30  INFO 18028 --- [Config-Server] [           main] b.w.c.s.WebApplicationContextInitializer : Root WebApplicationContext: initialization completed in 2084 ms
2026-03-31T13:39:41.630+05:30  INFO 18028 --- [Config-Server] [           main] o.s.b.a.e.web.EndpointLinksResolver      : Exposing 1 endpoint beneath base path '/actuator'
2026-03-31T13:39:41.717+05:30  WARN 18028 --- [Config-Server] [           main] ConfigServletWebServerApplicationContext : Exception encountered during context initialization - cancelling refresh attempt: org.springframework.context.ApplicationContextException: Failed to start bean 'webServerStartStop'
2026-03-31T13:39:41.742+05:30  INFO 18028 --- [Config-Server] [           main] .s.b.a.l.ConditionEvaluationReportLogger : 

Error starting ApplicationContext. To display the condition evaluation report re-run your application with 'debug' enabled.
2026-03-31T13:39:41.767+05:30 ERROR 18028 --- [Config-Server] [           main] o.s.b.d.LoggingFailureAnalysisReporter   : 

***************************
APPLICATION FAILED TO START
***************************

Description:

Web server failed to start. Port 9000 was already in use.

Action:

Identify and stop the process that's listening on port 9000 or configure this application to listen on another port.


  .   ____          _            __ _ _
 /\\ / ___'_ __ _ _(_)_ __  __ _ \ \ \ \
( ( )\___ | '_ | '_| | '_ \/ _` | \ \ \ \
 \\/  ___)| |_)| | | | | || (_| |  ) ) ) )
  '  |____| .__|_| |_|_| |_\__, | / / / /
 =========|_|==============|___/=/_/_/_/

 :: Spring Boot ::                (v4.0.3)

2026-03-31T13:39:43.467+05:30  INFO 16232 --- [Config-Server] [           main] l.i.c.ConfigServerApplication            : Starting ConfigServerApplication v0.0.1-SNAPSHOT using Java 25.0.2 with PID 16232 (D:\Enterprise-Cloud-Architecture\Book-Rental-Cloud-Project\Platform\config-server\target\config-server-0.0.1-SNAPSHOT.jar started by ASUS in D:\Enterprise-Cloud-Architecture\Book-Rental-Cloud-Project\Platform)
2026-03-31T13:39:43.472+05:30  INFO 16232 --- [Config-Server] [           main] l.i.c.ConfigServerApplication            : No active profile set, falling back to 1 default profile: "default"
2026-03-31T13:39:45.090+05:30  INFO 16232 --- [Config-Server] [           main] o.s.cloud.context.scope.GenericScope     : BeanFactory id=8bf03f67-6995-3149-85d2-1a09633eb1fe
2026-03-31T13:39:45.558+05:30  INFO 16232 --- [Config-Server] [           main] o.s.boot.tomcat.TomcatWebServer          : Tomcat initialized with port 9000 (http)
2026-03-31T13:39:45.573+05:30  INFO 16232 --- [Config-Server] [           main] o.apache.catalina.core.StandardService   : Starting service [Tomcat]
2026-03-31T13:39:45.574+05:30  INFO 16232 --- [Config-Server] [           main] o.apache.catalina.core.StandardEngine    : Starting Servlet engine: [Apache Tomcat/11.0.18]
2026-03-31T13:39:45.639+05:30  INFO 16232 --- [Config-Server] [           main] b.w.c.s.WebApplicationContextInitializer : Root WebApplicationContext: initialization completed in 2074 ms
2026-03-31T13:39:47.482+05:30  INFO 16232 --- [Config-Server] [           main] o.s.b.a.e.web.EndpointLinksResolver      : Exposing 1 endpoint beneath base path '/actuator'
2026-03-31T13:39:47.585+05:30  WARN 16232 --- [Config-Server] [           main] ConfigServletWebServerApplicationContext : Exception encountered during context initialization - cancelling refresh attempt: org.springframework.context.ApplicationContextException: Failed to start bean 'webServerStartStop'
2026-03-31T13:39:47.613+05:30  INFO 16232 --- [Config-Server] [           main] .s.b.a.l.ConditionEvaluationReportLogger : 

Error starting ApplicationContext. To display the condition evaluation report re-run your application with 'debug' enabled.
2026-03-31T13:39:47.645+05:30 ERROR 16232 --- [Config-Server] [           main] o.s.b.d.LoggingFailureAnalysisReporter   : 

***************************
APPLICATION FAILED TO START
***************************

Description:

Web server failed to start. Port 9000 was already in use.

Action:

Identify and stop the process that's listening on port 9000 or configure this application to listen on another port.


  .   ____          _            __ _ _
 /\\ / ___'_ __ _ _(_)_ __  __ _ \ \ \ \
( ( )\___ | '_ | '_| | '_ \/ _` | \ \ \ \
 \\/  ___)| |_)| | | | | || (_| |  ) ) ) )
  '  |____| .__|_| |_|_| |_\__, | / / / /
 =========|_|==============|___/=/_/_/_/

 :: Spring Boot ::                (v4.0.3)

2026-03-31T13:39:49.508+05:30  INFO 14332 --- [Config-Server] [           main] l.i.c.ConfigServerApplication            : Starting ConfigServerApplication v0.0.1-SNAPSHOT using Java 25.0.2 with PID 14332 (D:\Enterprise-Cloud-Architecture\Book-Rental-Cloud-Project\Platform\config-server\target\config-server-0.0.1-SNAPSHOT.jar started by ASUS in D:\Enterprise-Cloud-Architecture\Book-Rental-Cloud-Project\Platform)
2026-03-31T13:39:49.514+05:30  INFO 14332 --- [Config-Server] [           main] l.i.c.ConfigServerApplication            : No active profile set, falling back to 1 default profile: "default"
2026-03-31T13:39:50.962+05:30  INFO 14332 --- [Config-Server] [           main] o.s.cloud.context.scope.GenericScope     : BeanFactory id=8bf03f67-6995-3149-85d2-1a09633eb1fe
2026-03-31T13:39:51.365+05:30  INFO 14332 --- [Config-Server] [           main] o.s.boot.tomcat.TomcatWebServer          : Tomcat initialized with port 9000 (http)
2026-03-31T13:39:51.381+05:30  INFO 14332 --- [Config-Server] [           main] o.apache.catalina.core.StandardService   : Starting service [Tomcat]
2026-03-31T13:39:51.381+05:30  INFO 14332 --- [Config-Server] [           main] o.apache.catalina.core.StandardEngine    : Starting Servlet engine: [Apache Tomcat/11.0.18]
2026-03-31T13:39:51.417+05:30  INFO 14332 --- [Config-Server] [           main] b.w.c.s.WebApplicationContextInitializer : Root WebApplicationContext: initialization completed in 1808 ms
2026-03-31T13:39:53.135+05:30  INFO 14332 --- [Config-Server] [           main] o.s.b.a.e.web.EndpointLinksResolver      : Exposing 1 endpoint beneath base path '/actuator'
2026-03-31T13:39:53.226+05:30  WARN 14332 --- [Config-Server] [           main] ConfigServletWebServerApplicationContext : Exception encountered during context initialization - cancelling refresh attempt: org.springframework.context.ApplicationContextException: Failed to start bean 'webServerStartStop'
2026-03-31T13:39:53.252+05:30  INFO 14332 --- [Config-Server] [           main] .s.b.a.l.ConditionEvaluationReportLogger : 

Error starting ApplicationContext. To display the condition evaluation report re-run your application with 'debug' enabled.
2026-03-31T13:39:53.275+05:30 ERROR 14332 --- [Config-Server] [           main] o.s.b.d.LoggingFailureAnalysisReporter   : 

***************************
APPLICATION FAILED TO START
***************************

Description:

Web server failed to start. Port 9000 was already in use.

Action:

Identify and stop the process that's listening on port 9000 or configure this application to listen on another port.


  .   ____          _            __ _ _
 /\\ / ___'_ __ _ _(_)_ __  __ _ \ \ \ \
( ( )\___ | '_ | '_| | '_ \/ _` | \ \ \ \
 \\/  ___)| |_)| | | | | || (_| |  ) ) ) )
  '  |____| .__|_| |_|_| |_\__, | / / / /
 =========|_|==============|___/=/_/_/_/

 :: Spring Boot ::                (v4.0.3)

2026-03-31T13:39:54.876+05:30  INFO 3348 --- [Config-Server] [           main] l.i.c.ConfigServerApplication            : Starting ConfigServerApplication v0.0.1-SNAPSHOT using Java 25.0.2 with PID 3348 (D:\Enterprise-Cloud-Architecture\Book-Rental-Cloud-Project\Platform\config-server\target\config-server-0.0.1-SNAPSHOT.jar started by ASUS in D:\Enterprise-Cloud-Architecture\Book-Rental-Cloud-Project\Platform)
2026-03-31T13:39:54.881+05:30  INFO 3348 --- [Config-Server] [           main] l.i.c.ConfigServerApplication            : No active profile set, falling back to 1 default profile: "default"
2026-03-31T13:39:56.550+05:30  INFO 3348 --- [Config-Server] [           main] o.s.cloud.context.scope.GenericScope     : BeanFactory id=8bf03f67-6995-3149-85d2-1a09633eb1fe
2026-03-31T13:39:56.968+05:30  INFO 3348 --- [Config-Server] [           main] o.s.boot.tomcat.TomcatWebServer          : Tomcat initialized with port 9000 (http)
2026-03-31T13:39:56.985+05:30  INFO 3348 --- [Config-Server] [           main] o.apache.catalina.core.StandardService   : Starting service [Tomcat]
2026-03-31T13:39:56.986+05:30  INFO 3348 --- [Config-Server] [           main] o.apache.catalina.core.StandardEngine    : Starting Servlet engine: [Apache Tomcat/11.0.18]
2026-03-31T13:39:57.031+05:30  INFO 3348 --- [Config-Server] [           main] b.w.c.s.WebApplicationContextInitializer : Root WebApplicationContext: initialization completed in 2057 ms
2026-03-31T13:39:58.814+05:30  INFO 3348 --- [Config-Server] [           main] o.s.b.a.e.web.EndpointLinksResolver      : Exposing 1 endpoint beneath base path '/actuator'
2026-03-31T13:39:58.888+05:30  WARN 3348 --- [Config-Server] [           main] ConfigServletWebServerApplicationContext : Exception encountered during context initialization - cancelling refresh attempt: org.springframework.context.ApplicationContextException: Failed to start bean 'webServerStartStop'
2026-03-31T13:39:58.914+05:30  INFO 3348 --- [Config-Server] [           main] .s.b.a.l.ConditionEvaluationReportLogger : 

Error starting ApplicationContext. To display the condition evaluation report re-run your application with 'debug' enabled.
2026-03-31T13:39:58.939+05:30 ERROR 3348 --- [Config-Server] [           main] o.s.b.d.LoggingFailureAnalysisReporter   : 

***************************
APPLICATION FAILED TO START
***************************

Description:

Web server failed to start. Port 9000 was already in use.

Action:

Identify and stop the process that's listening on port 9000 or configure this application to listen on another port.


  .   ____          _            __ _ _
 /\\ / ___'_ __ _ _(_)_ __  __ _ \ \ \ \
( ( )\___ | '_ | '_| | '_ \/ _` | \ \ \ \
 \\/  ___)| |_)| | | | | || (_| |  ) ) ) )
  '  |____| .__|_| |_|_| |_\__, | / / / /
 =========|_|==============|___/=/_/_/_/

 :: Spring Boot ::                (v4.0.3)

2026-03-31T13:40:00.564+05:30  INFO 5932 --- [Config-Server] [           main] l.i.c.ConfigServerApplication            : Starting ConfigServerApplication v0.0.1-SNAPSHOT using Java 25.0.2 with PID 5932 (D:\Enterprise-Cloud-Architecture\Book-Rental-Cloud-Project\Platform\config-server\target\config-server-0.0.1-SNAPSHOT.jar started by ASUS in D:\Enterprise-Cloud-Architecture\Book-Rental-Cloud-Project\Platform)
2026-03-31T13:40:00.570+05:30  INFO 5932 --- [Config-Server] [           main] l.i.c.ConfigServerApplication            : No active profile set, falling back to 1 default profile: "default"
2026-03-31T13:40:02.085+05:30  INFO 5932 --- [Config-Server] [           main] o.s.cloud.context.scope.GenericScope     : BeanFactory id=8bf03f67-6995-3149-85d2-1a09633eb1fe
2026-03-31T13:40:02.522+05:30  INFO 5932 --- [Config-Server] [           main] o.s.boot.tomcat.TomcatWebServer          : Tomcat initialized with port 9000 (http)
2026-03-31T13:40:02.539+05:30  INFO 5932 --- [Config-Server] [           main] o.apache.catalina.core.StandardService   : Starting service [Tomcat]
2026-03-31T13:40:02.539+05:30  INFO 5932 --- [Config-Server] [           main] o.apache.catalina.core.StandardEngine    : Starting Servlet engine: [Apache Tomcat/11.0.18]
2026-03-31T13:40:02.602+05:30  INFO 5932 --- [Config-Server] [           main] b.w.c.s.WebApplicationContextInitializer : Root WebApplicationContext: initialization completed in 1936 ms
2026-03-31T13:40:04.358+05:30  INFO 5932 --- [Config-Server] [           main] o.s.b.a.e.web.EndpointLinksResolver      : Exposing 1 endpoint beneath base path '/actuator'
2026-03-31T13:40:04.450+05:30  WARN 5932 --- [Config-Server] [           main] ConfigServletWebServerApplicationContext : Exception encountered during context initialization - cancelling refresh attempt: org.springframework.context.ApplicationContextException: Failed to start bean 'webServerStartStop'
2026-03-31T13:40:04.476+05:30  INFO 5932 --- [Config-Server] [           main] .s.b.a.l.ConditionEvaluationReportLogger : 

Error starting ApplicationContext. To display the condition evaluation report re-run your application with 'debug' enabled.
2026-03-31T13:40:04.504+05:30 ERROR 5932 --- [Config-Server] [           main] o.s.b.d.LoggingFailureAnalysisReporter   : 

***************************
APPLICATION FAILED TO START
***************************

Description:

Web server failed to start. Port 9000 was already in use.

Action:

Identify and stop the process that's listening on port 9000 or configure this application to listen on another port.


  .   ____          _            __ _ _
 /\\ / ___'_ __ _ _(_)_ __  __ _ \ \ \ \
( ( )\___ | '_ | '_| | '_ \/ _` | \ \ \ \
 \\/  ___)| |_)| | | | | || (_| |  ) ) ) )
  '  |____| .__|_| |_|_| |_\__, | / / / /
 =========|_|==============|___/=/_/_/_/

 :: Spring Boot ::                (v4.0.3)

2026-03-31T13:40:06.333+05:30  INFO 9540 --- [Config-Server] [           main] l.i.c.ConfigServerApplication            : Starting ConfigServerApplication v0.0.1-SNAPSHOT using Java 25.0.2 with PID 9540 (D:\Enterprise-Cloud-Architecture\Book-Rental-Cloud-Project\Platform\config-server\target\config-server-0.0.1-SNAPSHOT.jar started by ASUS in D:\Enterprise-Cloud-Architecture\Book-Rental-Cloud-Project\Platform)
2026-03-31T13:40:06.340+05:30  INFO 9540 --- [Config-Server] [           main] l.i.c.ConfigServerApplication            : No active profile set, falling back to 1 default profile: "default"
2026-03-31T13:40:08.168+05:30  INFO 9540 --- [Config-Server] [           main] o.s.cloud.context.scope.GenericScope     : BeanFactory id=8bf03f67-6995-3149-85d2-1a09633eb1fe
2026-03-31T13:40:08.628+05:30  INFO 9540 --- [Config-Server] [           main] o.s.boot.tomcat.TomcatWebServer          : Tomcat initialized with port 9000 (http)
2026-03-31T13:40:08.646+05:30  INFO 9540 --- [Config-Server] [           main] o.apache.catalina.core.StandardService   : Starting service [Tomcat]
2026-03-31T13:40:08.646+05:30  INFO 9540 --- [Config-Server] [           main] o.apache.catalina.core.StandardEngine    : Starting Servlet engine: [Apache Tomcat/11.0.18]
2026-03-31T13:40:08.682+05:30  INFO 9540 --- [Config-Server] [           main] b.w.c.s.WebApplicationContextInitializer : Root WebApplicationContext: initialization completed in 2218 ms
2026-03-31T13:40:11.049+05:30  INFO 9540 --- [Config-Server] [           main] o.s.b.a.e.web.EndpointLinksResolver      : Exposing 1 endpoint beneath base path '/actuator'
2026-03-31T13:40:11.210+05:30  WARN 9540 --- [Config-Server] [           main] ConfigServletWebServerApplicationContext : Exception encountered during context initialization - cancelling refresh attempt: org.springframework.context.ApplicationContextException: Failed to start bean 'webServerStartStop'
2026-03-31T13:40:11.260+05:30  INFO 9540 --- [Config-Server] [           main] .s.b.a.l.ConditionEvaluationReportLogger : 

Error starting ApplicationContext. To display the condition evaluation report re-run your application with 'debug' enabled.
2026-03-31T13:40:11.303+05:30 ERROR 9540 --- [Config-Server] [           main] o.s.b.d.LoggingFailureAnalysisReporter   : 

***************************
APPLICATION FAILED TO START
***************************

Description:

Web server failed to start. Port 9000 was already in use.

Action:

Identify and stop the process that's listening on port 9000 or configure this application to listen on another port.


  .   ____          _            __ _ _
 /\\ / ___'_ __ _ _(_)_ __  __ _ \ \ \ \
( ( )\___ | '_ | '_| | '_ \/ _` | \ \ \ \
 \\/  ___)| |_)| | | | | || (_| |  ) ) ) )
  '  |____| .__|_| |_|_| |_\__, | / / / /
 =========|_|==============|___/=/_/_/_/

 :: Spring Boot ::                (v4.0.3)

2026-03-31T13:40:14.409+05:30  INFO 9648 --- [Config-Server] [           main] l.i.c.ConfigServerApplication            : Starting ConfigServerApplication v0.0.1-SNAPSHOT using Java 25.0.2 with PID 9648 (D:\Enterprise-Cloud-Architecture\Book-Rental-Cloud-Project\Platform\config-server\target\config-server-0.0.1-SNAPSHOT.jar started by ASUS in D:\Enterprise-Cloud-Architecture\Book-Rental-Cloud-Project\Platform)
2026-03-31T13:40:14.418+05:30  INFO 9648 --- [Config-Server] [           main] l.i.c.ConfigServerApplication            : No active profile set, falling back to 1 default profile: "default"
2026-03-31T13:40:16.958+05:30  INFO 9648 --- [Config-Server] [           main] o.s.cloud.context.scope.GenericScope     : BeanFactory id=8bf03f67-6995-3149-85d2-1a09633eb1fe
2026-03-31T13:40:17.587+05:30  INFO 9648 --- [Config-Server] [           main] o.s.boot.tomcat.TomcatWebServer          : Tomcat initialized with port 9000 (http)
2026-03-31T13:40:17.605+05:30  INFO 9648 --- [Config-Server] [           main] o.apache.catalina.core.StandardService   : Starting service [Tomcat]
2026-03-31T13:40:17.605+05:30  INFO 9648 --- [Config-Server] [           main] o.apache.catalina.core.StandardEngine    : Starting Servlet engine: [Apache Tomcat/11.0.18]
2026-03-31T13:40:17.646+05:30  INFO 9648 --- [Config-Server] [           main] b.w.c.s.WebApplicationContextInitializer : Root WebApplicationContext: initialization completed in 3040 ms
2026-03-31T13:40:20.393+05:30  INFO 9648 --- [Config-Server] [           main] o.s.b.a.e.web.EndpointLinksResolver      : Exposing 1 endpoint beneath base path '/actuator'
2026-03-31T13:40:20.523+05:30  WARN 9648 --- [Config-Server] [           main] ConfigServletWebServerApplicationContext : Exception encountered during context initialization - cancelling refresh attempt: org.springframework.context.ApplicationContextException: Failed to start bean 'webServerStartStop'
2026-03-31T13:40:20.561+05:30  INFO 9648 --- [Config-Server] [           main] .s.b.a.l.ConditionEvaluationReportLogger : 

Error starting ApplicationContext. To display the condition evaluation report re-run your application with 'debug' enabled.
2026-03-31T13:40:20.598+05:30 ERROR 9648 --- [Config-Server] [           main] o.s.b.d.LoggingFailureAnalysisReporter   : 

***************************
APPLICATION FAILED TO START
***************************

Description:

Web server failed to start. Port 9000 was already in use.

Action:

Identify and stop the process that's listening on port 9000 or configure this application to listen on another port.


  .   ____          _            __ _ _
 /\\ / ___'_ __ _ _(_)_ __  __ _ \ \ \ \
( ( )\___ | '_ | '_| | '_ \/ _` | \ \ \ \
 \\/  ___)| |_)| | | | | || (_| |  ) ) ) )
  '  |____| .__|_| |_|_| |_\__, | / / / /
 =========|_|==============|___/=/_/_/_/

 :: Spring Boot ::                (v4.0.3)

2026-03-31T13:40:22.837+05:30  INFO 19324 --- [Config-Server] [           main] l.i.c.ConfigServerApplication            : Starting ConfigServerApplication v0.0.1-SNAPSHOT using Java 25.0.2 with PID 19324 (D:\Enterprise-Cloud-Architecture\Book-Rental-Cloud-Project\Platform\config-server\target\config-server-0.0.1-SNAPSHOT.jar started by ASUS in D:\Enterprise-Cloud-Architecture\Book-Rental-Cloud-Project\Platform)
2026-03-31T13:40:22.844+05:30  INFO 19324 --- [Config-Server] [           main] l.i.c.ConfigServerApplication            : No active profile set, falling back to 1 default profile: "default"
2026-03-31T13:40:25.489+05:30  INFO 19324 --- [Config-Server] [           main] o.s.cloud.context.scope.GenericScope     : BeanFactory id=8bf03f67-6995-3149-85d2-1a09633eb1fe
2026-03-31T13:40:26.272+05:30  INFO 19324 --- [Config-Server] [           main] o.s.boot.tomcat.TomcatWebServer          : Tomcat initialized with port 9000 (http)
2026-03-31T13:40:26.312+05:30  INFO 19324 --- [Config-Server] [           main] o.apache.catalina.core.StandardService   : Starting service [Tomcat]
2026-03-31T13:40:26.313+05:30  INFO 19324 --- [Config-Server] [           main] o.apache.catalina.core.StandardEngine    : Starting Servlet engine: [Apache Tomcat/11.0.18]
2026-03-31T13:40:26.414+05:30  INFO 19324 --- [Config-Server] [           main] b.w.c.s.WebApplicationContextInitializer : Root WebApplicationContext: initialization completed in 3375 ms
2026-03-31T13:40:29.331+05:30  INFO 19324 --- [Config-Server] [           main] o.s.b.a.e.web.EndpointLinksResolver      : Exposing 1 endpoint beneath base path '/actuator'
2026-03-31T13:40:29.512+05:30  INFO 19324 --- [Config-Server] [           main] o.s.boot.tomcat.TomcatWebServer          : Tomcat started on port 9000 (http) with context path '/'
2026-03-31T13:40:29.549+05:30  INFO 19324 --- [Config-Server] [           main] l.i.c.ConfigServerApplication            : Started ConfigServerApplication in 7.786 seconds (process running for 8.838)
